F:\PROGRAMOWANIE\ATLEG\ATLEG\DEBUG\MAIN.OBJ
F:\PROGRAMOWANIE\ATLEG\ATLEG\DEBUG\VC110.PDB
F:\PROGRAMOWANIE\ATLEG\ATLEG\DEBUG\CALED.OBJ
F:\PROGRAMOWANIE\ATLEG\ATLEG\DEBUG\CAMOUSE.OBJ
F:\Programowanie\Atleg\Atleg\Debug\CALed.obj
F:\Programowanie\Atleg\Atleg\Debug\CAMouse.obj
F:\Programowanie\Atleg\Atleg\Debug\main.obj
F:\Programowanie\Atleg\Atleg\Debug\cl.command.1.tlog
F:\Programowanie\Atleg\Atleg\Debug\CL.read.1.tlog
F:\Programowanie\Atleg\Atleg\Debug\CL.write.1.tlog
F:\Programowanie\Atleg\Atleg\Debug\link-cvtres.read.1.tlog
F:\Programowanie\Atleg\Atleg\Debug\link-cvtres.write.1.tlog
F:\Programowanie\Atleg\Atleg\Debug\link-rc.read.1.tlog
F:\Programowanie\Atleg\Atleg\Debug\link-rc.write.1.tlog
F:\Programowanie\Atleg\Atleg\Debug\link.1176-cvtres.read.1.tlog
F:\Programowanie\Atleg\Atleg\Debug\link.1176-cvtres.write.1.tlog
F:\Programowanie\Atleg\Atleg\Debug\link.1176-rc.read.1.tlog
F:\Programowanie\Atleg\Atleg\Debug\link.1176-rc.write.1.tlog
F:\Programowanie\Atleg\Atleg\Debug\link.1176.read.1.tlog
F:\Programowanie\Atleg\Atleg\Debug\link.1176.write.1.tlog
F:\Programowanie\Atleg\Atleg\Debug\link.5044-cvtres.read.1.tlog
F:\Programowanie\Atleg\Atleg\Debug\link.5044-cvtres.write.1.tlog
F:\Programowanie\Atleg\Atleg\Debug\link.5044-rc.read.1.tlog
F:\Programowanie\Atleg\Atleg\Debug\link.5044-rc.write.1.tlog
F:\Programowanie\Atleg\Atleg\Debug\link.5044.read.1.tlog
F:\Programowanie\Atleg\Atleg\Debug\link.5044.write.1.tlog
F:\Programowanie\Atleg\Atleg\Debug\link.5764-cvtres.read.1.tlog
F:\Programowanie\Atleg\Atleg\Debug\link.5764-cvtres.write.1.tlog
F:\Programowanie\Atleg\Atleg\Debug\link.5764-rc.read.1.tlog
F:\Programowanie\Atleg\Atleg\Debug\link.5764-rc.write.1.tlog
F:\Programowanie\Atleg\Atleg\Debug\link.5764.read.1.tlog
F:\Programowanie\Atleg\Atleg\Debug\link.5764.write.1.tlog
F:\Programowanie\Atleg\Atleg\Debug\link.5896-cvtres.read.1.tlog
F:\Programowanie\Atleg\Atleg\Debug\link.5896-cvtres.write.1.tlog
F:\Programowanie\Atleg\Atleg\Debug\link.5896-rc.read.1.tlog
F:\Programowanie\Atleg\Atleg\Debug\link.5896-rc.write.1.tlog
F:\Programowanie\Atleg\Atleg\Debug\link.5896.read.1.tlog
F:\Programowanie\Atleg\Atleg\Debug\link.5896.write.1.tlog
F:\Programowanie\Atleg\Atleg\Debug\link.7612-cvtres.read.1.tlog
F:\Programowanie\Atleg\Atleg\Debug\link.7612-cvtres.write.1.tlog
F:\Programowanie\Atleg\Atleg\Debug\link.7612-rc.read.1.tlog
F:\Programowanie\Atleg\Atleg\Debug\link.7612-rc.write.1.tlog
F:\Programowanie\Atleg\Atleg\Debug\link.7612.read.1.tlog
F:\Programowanie\Atleg\Atleg\Debug\link.7612.write.1.tlog
F:\Programowanie\Atleg\Atleg\Debug\link.command.1.tlog
F:\Programowanie\Atleg\Atleg\Debug\link.read.1.tlog
F:\Programowanie\Atleg\Atleg\Debug\link.write.1.tlog
F:\Programowanie\Atleg\Atleg\Debug\vc110.idb
F:\Programowanie\Atleg\Atleg\Debug\vc110.pdb
F:\Programowanie\Atleg\Debug\Atleg.pdb
